<?xml version="1.0" encoding="UTF-8"?>
<testsuites name="jest tests" tests="2" failures="0" errors="0" time="4.795">
  <testsuite name="AppComponent" errors="0" failures="0" skipped="0" timestamp="2024-10-06T07:40:33" time="3.562" tests="2">
    <testcase classname="AppComponent should create the app" name="AppComponent should create the app" time="0.246">
    </testcase>
    <testcase classname="AppComponent should have as title &apos;Welcome dashboard&apos;" name="AppComponent should have as title &apos;Welcome dashboard&apos;" time="0.043">
    </testcase>
  </testsuite>
</testsuites>