<?xml version="1.0" encoding="UTF-8"?>
<testsuites name="jest tests" tests="2" failures="0" errors="0" time="3.693">
  <testsuite name="AppComponent" errors="0" failures="0" skipped="0" timestamp="2025-01-11T15:30:42" time="3.045" tests="2">
    <testcase classname="AppComponent should create the app" name="AppComponent should create the app" time="0.173">
    </testcase>
    <testcase classname="AppComponent should have as title &apos;Welcome dashboard&apos;" name="AppComponent should have as title &apos;Welcome dashboard&apos;" time="0.032">
    </testcase>
  </testsuite>
</testsuites>